Arguments: 
  C:\Program Files\nodejs\node.exe C:\Users\Matěj\AppData\Roaming\npm\node_modules\yarn\bin\yarn.js add @prisma/client

PATH: 
  G:\Oculus\Support\oculus-runtime;C:\Program Files\Common Files\Oracle\Java\javapath;C:\Program Files (x86)\Common Files\Oracle\Java\javapath;C:\Program Files\Microsoft\jdk-11.0.12.7-hotspot\bin;C:\Program Files\Eclipse Adoptium\jdk-17.0.1.12-hotspot\bin;C:\Program Files (x86)\Common Files\Intel\Shared Libraries\redist\intel64\compiler;C:\Program Files (x86)\Intel\iCLS Client\;C:\Program Files\Intel\iCLS Client\;C:\ProgramData\Oracle\Java\javapath;C:\Windows\system32;C:\Windows;C:\Windows\System32\Wbem;C:\Windows\System32\WindowsPowerShell\v1.0\;C:\Program Files (x86)\Intel\UCRT\;C:\Program Files\Intel\UCRT\;C:\Program Files (x86)\Intel\Intel(R) Management Engine Components\DAL;C:\Program Files\Intel\Intel(R) Management Engine Components\DAL;C:\Program Files (x86)\Intel\Intel(R) Management Engine Components\IPT;C:\Program Files\Intel\Intel(R) Management Engine Components\IPT;C:\Program Files (x86)\NVIDIA Corporation\PhysX\Common;C:\adb;C:\Program Files\NVIDIA Corporation\NVIDIA NvDLISR;C:\WINDOWS\system32;C:\WINDOWS;C:\WINDOWS\System32\Wbem;C:\WINDOWS\System32\WindowsPowerShell\v1.0\;C:\WINDOWS\System32\OpenSSH\;C:\Program Files\Microsoft SQL Server\120\Tools\Binn\;C:\Program Files\PuTTY\;C:\Program Files (x86)\dotnet\;C:\Program Files (x86)\Microsoft VS Code\bin;C:\Program Files\Git\cmd;C:\Program Files\dotnet\;C:\Program Files\Microsoft SQL Server\150\Tools\Binn\;C:\Program Files\Microsoft SQL Server\Client SDK\ODBC\170\Tools\Binn\;C:\ProgramData\chocolatey\bin;C:\Program Files\nodejs\;C:\Users\Matěj\AppData\Roaming\pypoetry\venv\Scripts\poetry;C:\Users\Matěj\AppData\Roaming\Python\Scripts;C:\Users\Matěj\AppData\Local\Programs\Python\Python311\Scripts\;C:\Users\Matěj\AppData\Local\Programs\Python\Python311\;C:\Users\Matěj\AppData\Local\Microsoft\WindowsApps;C:\Users\Matěj\AppData\Local\GitHubDesktop\bin;C:\Users\Matěj\.dotnet\tools;C:\Users\Matěj\AppData\Local\Programs\Microsoft VS Code Insiders\bin;C:\Users\Matěj\AppData\Roaming\npm;C:\Users\Matěj\AppData\Local\Programs\Microsoft VS Code\bin

Yarn version: 
  1.22.19

Node version: 
  18.14.2

Platform: 
  win32 x64

Trace: 
  Error: EPERM: operation not permitted, unlink 'W:\fork_project\shop_backend\shop_BACKEND\node_modules\@esbuild\win32-x64\esbuild.exe'

npm manifest: 
  {
  	"name": "shop-backend",
  	"version": "0.0.1",
  	"private": true,
  	"scripts": {
  		"dev": "vite dev",
  		"build": "vite build",
  		"preview": "vite preview",
  		"test": "playwright test",
  		"check": "svelte-kit sync && svelte-check --tsconfig ./tsconfig.json",
  		"check:watch": "svelte-kit sync && svelte-check --tsconfig ./tsconfig.json --watch",
  		"test:unit": "vitest",
  		"lint": "prettier --plugin-search-dir . --check . && eslint .",
  		"format": "prettier --plugin-search-dir . --write ."
  	},
  	"devDependencies": {
  		"@playwright/test": "^1.28.1",
  		"@sveltejs/adapter-auto": "^2.0.0",
  		"@sveltejs/kit": "^1.20.4",
  		"@types/bcrypt": "^5.0.0",
  		"@types/nodemailer": "^6.4.8",
  		"@typescript-eslint/eslint-plugin": "^5.45.0",
  		"@typescript-eslint/parser": "^5.45.0",
  		"eslint": "^8.28.0",
  		"eslint-config-prettier": "^8.5.0",
  		"eslint-plugin-svelte": "^2.30.0",
  		"prettier": "^2.8.0",
  		"prettier-plugin-svelte": "^2.10.1",
  		"svelte": "^4.0.0",
  		"svelte-check": "^3.4.3",
  		"tslib": "^2.4.1",
  		"typescript": "^5.0.0",
  		"vite": "^4.3.6",
  		"vitest": "^0.25.3"
  	},
  	"type": "module",
  	"dependencies": {
  		"@emailjs/browser": "^3.11.0",
  		"@prisma/client": "^4.16.1",
  		"@sendgrid/mail": "^7.7.0",
  		"bcrypt": "^5.0.1",
  		"nodemailer": "^6.9.3",
  		"prisma": "^4.16.1",
  		"svelte-email": "^0.0.4"
  	}
  }

yarn manifest: 
  No manifest

Lockfile: 
  No lockfile
